<?xml version="1.0" encoding="UTF-8"?>
<!-- Generated by org.testng.reporters.JUnitReportReporter -->
<testsuite hostname="DESKTOP-B5HII1M" failures="0" tests="1" name="Sample.IndividualScripts" time="11.381" errors="0" timestamp="2023-09-27T14:55:43 IST" skipped="0">
  <testcase classname="Sample.IndividualScripts" name="signIntoApplication" time="11.381"/>
  <system-out/>
</testsuite> <!-- Sample.IndividualScripts -->
