<?xml version="1.0" encoding="UTF-8"?>
<!-- Generated by org.testng.reporters.JUnitReportReporter -->
<testsuite hostname="DESKTOP-B5HII1M" failures="0" tests="1" name="Sprint_1_Adding_Amount_In_Booking_Account.Demo_LoginBookingAccountDepositMoney" time="34.308" errors="0" timestamp="2023-10-16T14:05:24 IST" skipped="0">
  <testcase classname="Sprint_1_Adding_Amount_In_Booking_Account.Demo_LoginBookingAccountDepositMoney" name="addingAmountToWallet" time="34.308"/>
  <system-out/>
</testsuite> <!-- Sprint_1_Adding_Amount_In_Booking_Account.Demo_LoginBookingAccountDepositMoney -->
