<?xml version="1.0" encoding="UTF-8"?>
<!-- Generated by org.testng.reporters.JUnitReportReporter -->
<testsuite hostname="DESKTOP-B5HII1M" failures="0" tests="1" name="Sprint_1_Scheme_SubscriptionFinalDataProvider.DepositAmountStg" time="38.316" errors="0" timestamp="2023-10-16T18:17:46 IST" skipped="0">
  <testcase classname="Sprint_1_Scheme_SubscriptionFinalDataProvider.DepositAmountStg" name="deposit" time="38.316"/>
  <system-out/>
</testsuite> <!-- Sprint_1_Scheme_SubscriptionFinalDataProvider.DepositAmountStg -->
