<?xml version="1.0" encoding="UTF-8"?>
<!-- Generated by org.testng.reporters.JUnitReportReporter -->
<testsuite hostname="DESKTOP-B5HII1M" failures="0" tests="1" name="Sprint_1.PomExampleScriptBookingAccount" time="30.470" errors="0" timestamp="2023-10-10T16:41:11 IST" skipped="0">
  <testcase classname="Sprint_1.PomExampleScriptBookingAccount" name="addingAmountIntoBookingAccount" time="30.470"/>
  <system-out/>
</testsuite> <!-- Sprint_1.PomExampleScriptBookingAccount -->
