<?xml version="1.0" encoding="UTF-8"?>
<!-- Generated by org.testng.reporters.JUnitReportReporter -->
<testsuite hostname="DESKTOP-B5HII1M" failures="0" tests="1" name="Sprint_1_Scheme_Subscription.MultipleSchemesSubscriptionWithAllBanksDiffAmountTest" time="40.900" errors="0" timestamp="2023-10-12T12:54:45 IST" skipped="0">
  <testcase classname="Sprint_1_Scheme_Subscription.MultipleSchemesSubscriptionWithAllBanksDiffAmountTest" name="schemeSubscriptionHdfc1000Rupees" time="40.900"/>
  <system-out/>
</testsuite> <!-- Sprint_1_Scheme_Subscription.MultipleSchemesSubscriptionWithAllBanksDiffAmountTest -->
