<?xml version="1.0" encoding="UTF-8"?>
<!-- Generated by org.testng.reporters.JUnitReportReporter -->
<testsuite hostname="DESKTOP-B5HII1M" failures="0" tests="1" name="Sprint_1.Demo_CreateAnAccountLoginCreateSchemeLogout" time="30.647" errors="0" timestamp="2023-10-10T14:42:26 IST" skipped="0">
  <testcase classname="Sprint_1.Demo_CreateAnAccountLoginCreateSchemeLogout" name="createAnAccountLoginCreateSchemeLogout" time="30.647"/>
  <system-out/>
</testsuite> <!-- Sprint_1.Demo_CreateAnAccountLoginCreateSchemeLogout -->
