<?xml version="1.0" encoding="UTF-8"?>
<!-- Generated by org.testng.reporters.JUnitReportReporter -->
<testsuite hostname="DESKTOP-B5HII1M" failures="0" tests="1" name="Sample.PomExampleScriptBookingAccount" time="39.137" errors="0" timestamp="2023-10-05T15:35:11 IST" skipped="0">
  <testcase classname="Sample.PomExampleScriptBookingAccount" name="addingAmountIntoBookingAccount" time="39.137"/>
  <system-out/>
</testsuite> <!-- Sample.PomExampleScriptBookingAccount -->
