<?xml version="1.0" encoding="UTF-8"?>
<!-- Generated by org.testng.reporters.JUnitReportReporter -->
<testsuite hostname="DESKTOP-B5HII1M" failures="0" tests="1" name="Sample.PomExampleScript" time="22.343" errors="0" timestamp="2023-09-30T17:46:56 IST" skipped="0">
  <testcase classname="Sample.PomExampleScript" name="addingAmountIntoBookingAccount" time="22.343"/>
  <system-out/>
</testsuite> <!-- Sample.PomExampleScript -->
