<?xml version="1.0" encoding="UTF-8"?>
<!-- Generated by org.testng.reporters.JUnitReportReporter -->
<testsuite hostname="DESKTOP-B5HII1M" failures="0" tests="51" name="Sprint_1_Scheme_SubscriptionFinalDataProvider.DataProviderExample" time="0.037" errors="0" timestamp="2023-10-16T15:03:36 IST" skipped="0">
  <testcase classname="Sprint_1_Scheme_SubscriptionFinalDataProvider.DataProviderExample" name="testWithExcelData" time="0.000"/>
  <system-out/>
  <testcase classname="Sprint_1_Scheme_SubscriptionFinalDataProvider.DataProviderExample" name="testWithExcelData" time="0.001"/>
  <system-out/>
  <testcase classname="Sprint_1_Scheme_SubscriptionFinalDataProvider.DataProviderExample" name="testWithExcelData" time="0.000"/>
  <system-out/>
  <testcase classname="Sprint_1_Scheme_SubscriptionFinalDataProvider.DataProviderExample" name="testWithExcelData" time="0.000"/>
  <system-out/>
  <testcase classname="Sprint_1_Scheme_SubscriptionFinalDataProvider.DataProviderExample" name="testWithExcelData" time="0.001"/>
  <system-out/>
  <testcase classname="Sprint_1_Scheme_SubscriptionFinalDataProvider.DataProviderExample" name="testWithExcelData" time="0.000"/>
  <system-out/>
  <testcase classname="Sprint_1_Scheme_SubscriptionFinalDataProvider.DataProviderExample" name="testWithExcelData" time="0.001"/>
  <system-out/>
  <testcase classname="Sprint_1_Scheme_SubscriptionFinalDataProvider.DataProviderExample" name="testWithExcelData" time="0.001"/>
  <system-out/>
  <testcase classname="Sprint_1_Scheme_SubscriptionFinalDataProvider.DataProviderExample" name="testWithExcelData" time="0.002"/>
  <system-out/>
  <testcase classname="Sprint_1_Scheme_SubscriptionFinalDataProvider.DataProviderExample" name="testWithExcelData" time="0.001"/>
  <system-out/>
  <testcase classname="Sprint_1_Scheme_SubscriptionFinalDataProvider.DataProviderExample" name="testWithExcelData" time="0.001"/>
  <system-out/>
  <testcase classname="Sprint_1_Scheme_SubscriptionFinalDataProvider.DataProviderExample" name="testWithExcelData" time="0.000"/>
  <system-out/>
  <testcase classname="Sprint_1_Scheme_SubscriptionFinalDataProvider.DataProviderExample" name="testWithExcelData" time="0.001"/>
  <system-out/>
  <testcase classname="Sprint_1_Scheme_SubscriptionFinalDataProvider.DataProviderExample" name="testWithExcelData" time="0.001"/>
  <system-out/>
  <testcase classname="Sprint_1_Scheme_SubscriptionFinalDataProvider.DataProviderExample" name="testWithExcelData" time="0.001"/>
  <system-out/>
  <testcase classname="Sprint_1_Scheme_SubscriptionFinalDataProvider.DataProviderExample" name="testWithExcelData" time="0.000"/>
  <system-out/>
  <testcase classname="Sprint_1_Scheme_SubscriptionFinalDataProvider.DataProviderExample" name="testWithExcelData" time="0.001"/>
  <system-out/>
  <testcase classname="Sprint_1_Scheme_SubscriptionFinalDataProvider.DataProviderExample" name="testWithExcelData" time="0.001"/>
  <system-out/>
  <testcase classname="Sprint_1_Scheme_SubscriptionFinalDataProvider.DataProviderExample" name="testWithExcelData" time="0.001"/>
  <system-out/>
  <testcase classname="Sprint_1_Scheme_SubscriptionFinalDataProvider.DataProviderExample" name="testWithExcelData" time="0.000"/>
  <system-out/>
  <testcase classname="Sprint_1_Scheme_SubscriptionFinalDataProvider.DataProviderExample" name="testWithExcelData" time="0.000"/>
  <system-out/>
  <testcase classname="Sprint_1_Scheme_SubscriptionFinalDataProvider.DataProviderExample" name="testWithExcelData" time="0.000"/>
  <system-out/>
  <testcase classname="Sprint_1_Scheme_SubscriptionFinalDataProvider.DataProviderExample" name="testWithExcelData" time="0.001"/>
  <system-out/>
  <testcase classname="Sprint_1_Scheme_SubscriptionFinalDataProvider.DataProviderExample" name="testWithExcelData" time="0.001"/>
  <system-out/>
  <testcase classname="Sprint_1_Scheme_SubscriptionFinalDataProvider.DataProviderExample" name="testWithExcelData" time="0.000"/>
  <system-out/>
  <testcase classname="Sprint_1_Scheme_SubscriptionFinalDataProvider.DataProviderExample" name="testWithExcelData" time="0.001"/>
  <system-out/>
  <testcase classname="Sprint_1_Scheme_SubscriptionFinalDataProvider.DataProviderExample" name="testWithExcelData" time="0.000"/>
  <system-out/>
  <testcase classname="Sprint_1_Scheme_SubscriptionFinalDataProvider.DataProviderExample" name="testWithExcelData" time="0.000"/>
  <system-out/>
  <testcase classname="Sprint_1_Scheme_SubscriptionFinalDataProvider.DataProviderExample" name="testWithExcelData" time="0.000"/>
  <system-out/>
  <testcase classname="Sprint_1_Scheme_SubscriptionFinalDataProvider.DataProviderExample" name="testWithExcelData" time="0.001"/>
  <system-out/>
  <testcase classname="Sprint_1_Scheme_SubscriptionFinalDataProvider.DataProviderExample" name="testWithExcelData" time="0.000"/>
  <system-out/>
  <testcase classname="Sprint_1_Scheme_SubscriptionFinalDataProvider.DataProviderExample" name="testWithExcelData" time="0.000"/>
  <system-out/>
  <testcase classname="Sprint_1_Scheme_SubscriptionFinalDataProvider.DataProviderExample" name="testWithExcelData" time="0.005"/>
  <system-out/>
  <testcase classname="Sprint_1_Scheme_SubscriptionFinalDataProvider.DataProviderExample" name="testWithExcelData" time="0.001"/>
  <system-out/>
  <testcase classname="Sprint_1_Scheme_SubscriptionFinalDataProvider.DataProviderExample" name="testWithExcelData" time="0.001"/>
  <system-out/>
  <testcase classname="Sprint_1_Scheme_SubscriptionFinalDataProvider.DataProviderExample" name="testWithExcelData" time="0.001"/>
  <system-out/>
  <testcase classname="Sprint_1_Scheme_SubscriptionFinalDataProvider.DataProviderExample" name="testWithExcelData" time="0.001"/>
  <system-out/>
  <testcase classname="Sprint_1_Scheme_SubscriptionFinalDataProvider.DataProviderExample" name="testWithExcelData" time="0.001"/>
  <system-out/>
  <testcase classname="Sprint_1_Scheme_SubscriptionFinalDataProvider.DataProviderExample" name="testWithExcelData" time="0.001"/>
  <system-out/>
  <testcase classname="Sprint_1_Scheme_SubscriptionFinalDataProvider.DataProviderExample" name="testWithExcelData" time="0.001"/>
  <system-out/>
  <testcase classname="Sprint_1_Scheme_SubscriptionFinalDataProvider.DataProviderExample" name="testWithExcelData" time="0.001"/>
  <system-out/>
  <testcase classname="Sprint_1_Scheme_SubscriptionFinalDataProvider.DataProviderExample" name="testWithExcelData" time="0.000"/>
  <system-out/>
  <testcase classname="Sprint_1_Scheme_SubscriptionFinalDataProvider.DataProviderExample" name="testWithExcelData" time="0.000"/>
  <system-out/>
  <testcase classname="Sprint_1_Scheme_SubscriptionFinalDataProvider.DataProviderExample" name="testWithExcelData" time="0.001"/>
  <system-out/>
  <testcase classname="Sprint_1_Scheme_SubscriptionFinalDataProvider.DataProviderExample" name="testWithExcelData" time="0.001"/>
  <system-out/>
  <testcase classname="Sprint_1_Scheme_SubscriptionFinalDataProvider.DataProviderExample" name="testWithExcelData" time="0.001"/>
  <system-out/>
  <testcase classname="Sprint_1_Scheme_SubscriptionFinalDataProvider.DataProviderExample" name="testWithExcelData" time="0.001"/>
  <system-out/>
  <testcase classname="Sprint_1_Scheme_SubscriptionFinalDataProvider.DataProviderExample" name="testWithExcelData" time="0.000"/>
  <system-out/>
  <testcase classname="Sprint_1_Scheme_SubscriptionFinalDataProvider.DataProviderExample" name="testWithExcelData" time="0.000"/>
  <system-out/>
  <testcase classname="Sprint_1_Scheme_SubscriptionFinalDataProvider.DataProviderExample" name="testWithExcelData" time="0.001"/>
  <system-out/>
  <testcase classname="Sprint_1_Scheme_SubscriptionFinalDataProvider.DataProviderExample" name="testWithExcelData" time="0.001"/>
  <system-out/>
</testsuite> <!-- Sprint_1_Scheme_SubscriptionFinalDataProvider.DataProviderExample -->
