<?xml version="1.0" encoding="UTF-8"?>
<!-- Generated by org.testng.reporters.JUnitReportReporter -->
<testsuite hostname="DESKTOP-B5HII1M" failures="0" tests="2" name="Sprint_1_Adding_Amount_In_Booking_Account__HardCoding.IndividualScriptsLoginBookingAccountDeposit" time="43.129" errors="0" timestamp="2023-10-17T10:06:03 IST" skipped="0">
  <testcase classname="Sprint_1_Adding_Amount_In_Booking_Account__HardCoding.IndividualScriptsLoginBookingAccountDeposit" name="login" time="7.783"/>
  <system-out/>
  <testcase classname="Sprint_1_Adding_Amount_In_Booking_Account__HardCoding.IndividualScriptsLoginBookingAccountDeposit" name="depositAmountToBookingAccount" time="35.346"/>
  <system-out/>
</testsuite> <!-- Sprint_1_Adding_Amount_In_Booking_Account__HardCoding.IndividualScriptsLoginBookingAccountDeposit -->
