<?xml version="1.0" encoding="UTF-8"?>
<!-- Generated by org.testng.reporters.JUnitReportReporter -->
<testsuite hostname="DESKTOP-B5HII1M" failures="0" tests="1" name="ExtraTasks.MoneyWithdrawlTest" time="24.906" errors="0" timestamp="2023-10-17T14:49:20 IST" skipped="0">
  <testcase classname="ExtraTasks.MoneyWithdrawlTest" name="withdrawl" time="24.906"/>
  <system-out/>
</testsuite> <!-- ExtraTasks.MoneyWithdrawlTest -->
