<?xml version="1.0" encoding="UTF-8"?>
<!-- Generated by org.testng.reporters.JUnitReportReporter -->
<testsuite hostname="DESKTOP-B5HII1M" failures="0" tests="1" name="Sprint_2_GoldSuvidha.SellGoldAmountAddingToBookingAccountTest" time="23.671" errors="0" timestamp="2023-10-19T16:49:52 IST" skipped="0">
  <testcase classname="Sprint_2_GoldSuvidha.SellGoldAmountAddingToBookingAccountTest" name="sellGold" time="23.671"/>
  <system-out/>
</testsuite> <!-- Sprint_2_GoldSuvidha.SellGoldAmountAddingToBookingAccountTest -->
