<?xml version="1.0" encoding="UTF-8"?>
<!-- Generated by org.testng.reporters.JUnitReportReporter -->
<testsuite hostname="DESKTOP-B5HII1M" failures="0" tests="1" name="Sprint_2_GoldSuvidha.BuyGoldTest" time="38.330" errors="0" timestamp="2023-10-19T15:57:29 IST" skipped="0">
  <testcase classname="Sprint_2_GoldSuvidha.BuyGoldTest" name="buyGoldTest" time="38.330"/>
  <system-out/>
</testsuite> <!-- Sprint_2_GoldSuvidha.BuyGoldTest -->
