<?xml version="1.0" encoding="UTF-8"?>
<!-- Generated by org.testng.reporters.JUnitReportReporter -->
<testsuite hostname="DESKTOP-B5HII1M" failures="0" tests="1" name="Sample.Scenario1" time="5.589" errors="0" timestamp="2023-09-27T11:28:28 IST" skipped="0">
  <testcase classname="Sample.Scenario1" name="loginToApplication" time="5.589"/>
  <system-out/>
</testsuite> <!-- Sample.Scenario1 -->
