<?xml version="1.0" encoding="UTF-8"?>
<!-- Generated by org.testng.reporters.JUnitReportReporter -->
<testsuite hostname="DESKTOP-B5HII1M" failures="0" tests="1" name="Sprint_1_Adding_Amount_In_Booking_Account.DepositWithAllBanks" time="31.352" errors="0" timestamp="2023-10-16T18:25:43 IST" skipped="0">
  <testcase classname="Sprint_1_Adding_Amount_In_Booking_Account.DepositWithAllBanks" name="hdfcBankDeposit" time="31.352"/>
  <system-out/>
</testsuite> <!-- Sprint_1_Adding_Amount_In_Booking_Account.DepositWithAllBanks -->
