<?xml version="1.0" encoding="UTF-8"?>
<!-- Generated by org.testng.reporters.JUnitReportReporter -->
<testsuite hostname="DESKTOP-B5HII1M" failures="0" tests="1" name="ExtraTasks.MoneyWithdrawlTest" time="35.395" errors="0" timestamp="2023-10-25T10:12:55 IST" skipped="0">
  <testcase classname="ExtraTasks.MoneyWithdrawlTest" name="TransferToBankAccountFromWallet" time="35.395"/>
  <system-out/>
</testsuite> <!-- ExtraTasks.MoneyWithdrawlTest -->
