<?xml version="1.0" encoding="UTF-8"?>
<!-- Generated by org.testng.reporters.JUnitReportReporter -->
<testsuite hostname="Vicky" failures="0" tests="1" name="Sprint_1.PomExampleScriptScheme" time="16.943" errors="0" timestamp="2023-10-10T23:09:24 IST" skipped="0">
  <testcase classname="Sprint_1.PomExampleScriptScheme" name="createScheme" time="16.943"/>
  <system-out/>
</testsuite> <!-- Sprint_1.PomExampleScriptScheme -->
