<?xml version="1.0" encoding="UTF-8"?>
<!-- Generated by org.testng.reporters.JUnitReportReporter -->
<testsuite hostname="DESKTOP-B5HII1M" failures="0" tests="1" name="Sample.DemoForLogout" time="18.053" errors="0" timestamp="2023-10-06T12:54:43 IST" skipped="0">
  <testcase classname="Sample.DemoForLogout" name="loginLogout" time="18.053"/>
  <system-out/>
</testsuite> <!-- Sample.DemoForLogout -->
