<?xml version="1.0" encoding="UTF-8"?>
<!-- Generated by org.testng.reporters.JUnitReportReporter -->
<testsuite hostname="DESKTOP-B5HII1M" failures="0" tests="1" name="Sprint_1_Scheme_Subscription.MultipleSchemeSubscriptionsWithAllBookingAccountAmountsTest" time="13.490" errors="0" timestamp="2023-10-12T17:04:36 IST" skipped="0">
  <testcase classname="Sprint_1_Scheme_Subscription.MultipleSchemeSubscriptionsWithAllBookingAccountAmountsTest" name="schemeSubscriptionWithBookingAccountAmount4500Rupees" time="13.490"/>
  <system-out/>
</testsuite> <!-- Sprint_1_Scheme_Subscription.MultipleSchemeSubscriptionsWithAllBookingAccountAmountsTest -->
