<?xml version="1.0" encoding="UTF-8"?>
<!-- Generated by org.testng.reporters.JUnitReportReporter -->
<testsuite hostname="DESKTOP-B5HII1M" failures="0" tests="1" name="Sprint_1.TestNGScriptBookingAccountTest" time="31.498" errors="0" timestamp="2023-10-12T11:20:34 IST" skipped="0">
  <testcase classname="Sprint_1.TestNGScriptBookingAccountTest" name="bookingAccountaddingBal" time="31.498"/>
  <system-out/>
</testsuite> <!-- Sprint_1.TestNGScriptBookingAccountTest -->
