<?xml version="1.0" encoding="UTF-8"?>
<!-- Generated by org.testng.reporters.JUnitReportReporter -->
<testsuite hostname="DESKTOP-B5HII1M" failures="0" tests="1" name="Sprint_1_Scheme_SubscriptionFinal.DepositAmountStg" time="38.913" errors="0" timestamp="2023-10-16T14:14:39 IST" skipped="0">
  <testcase classname="Sprint_1_Scheme_SubscriptionFinal.DepositAmountStg" name="deposit" time="38.913"/>
  <system-out/>
</testsuite> <!-- Sprint_1_Scheme_SubscriptionFinal.DepositAmountStg -->
