<?xml version="1.0" encoding="UTF-8"?>
<!-- Generated by org.testng.reporters.JUnitReportReporter -->
<testsuite hostname="DESKTOP-B5HII1M" failures="0" tests="1" name="Sprint_1.TestNGScriptSchemes" time="16.888" errors="0" timestamp="2023-10-10T18:13:15 IST" skipped="0">
  <testcase classname="Sprint_1.TestNGScriptSchemes" name="schemeSubscription" time="16.888"/>
  <system-out/>
</testsuite> <!-- Sprint_1.TestNGScriptSchemes -->
