<?xml version="1.0" encoding="UTF-8"?>
<!-- Generated by org.testng.reporters.JUnitReportReporter -->
<testsuite hostname="DESKTOP-B5HII1M" failures="0" tests="1" name="Sprint_1.TestNGScriptBookingAccountTest" time="29.638" errors="0" timestamp="2023-10-11T17:49:50 IST" skipped="0">
  <testcase classname="Sprint_1.TestNGScriptBookingAccountTest" name="bookingAccountaddingBal" time="29.638"/>
  <system-out/>
</testsuite> <!-- Sprint_1.TestNGScriptBookingAccountTest -->
