<?xml version="1.0" encoding="UTF-8"?>
<!-- Generated by org.testng.reporters.JUnitReportReporter -->
<testsuite hostname="DESKTOP-B5HII1M" failures="0" tests="1" name="Sample.PomExampleScriptScheme" time="18.010" errors="0" timestamp="2023-10-06T16:35:05 IST" skipped="0">
  <testcase classname="Sample.PomExampleScriptScheme" name="createScheme" time="18.010"/>
  <system-out/>
</testsuite> <!-- Sample.PomExampleScriptScheme -->
