<?xml version="1.0" encoding="UTF-8"?>
<!-- Generated by org.testng.reporters.JUnitReportReporter -->
<testsuite hostname="DESKTOP-B5HII1M" failures="0" tests="1" name="Sprint_1.PomExampleScriptScheme" time="40.757" errors="0" timestamp="2023-10-10T18:00:51 IST" skipped="0">
  <testcase classname="Sprint_1.PomExampleScriptScheme" name="createScheme" time="40.757"/>
  <system-out/>
</testsuite> <!-- Sprint_1.PomExampleScriptScheme -->
