<?xml version="1.0" encoding="UTF-8"?>
<!-- Generated by org.testng.reporters.JUnitReportReporter -->
<testsuite hostname="DESKTOP-B5HII1M" failures="0" tests="1" name="Sprint_2_GoldSuvidha.SellGoldTest" time="522.928" errors="0" timestamp="2023-10-19T16:52:41 IST" skipped="0">
  <testcase classname="Sprint_2_GoldSuvidha.SellGoldTest" name="sellGold" time="522.928"/>
  <system-out/>
</testsuite> <!-- Sprint_2_GoldSuvidha.SellGoldTest -->
