<?xml version="1.0" encoding="UTF-8"?>
<!-- Generated by org.testng.reporters.JUnitReportReporter -->
<testsuite hostname="DESKTOP-B5HII1M" failures="0" tests="1" name="Sprint_1.MultipleSchemesSubscriptionTest" time="20.433" errors="0" timestamp="2023-10-11T13:13:19 IST" skipped="0">
  <testcase classname="Sprint_1.MultipleSchemesSubscriptionTest" name="schemeSubscription2000Rupees" time="20.433"/>
  <system-out/>
</testsuite> <!-- Sprint_1.MultipleSchemesSubscriptionTest -->
