<?xml version="1.0" encoding="UTF-8"?>
<!-- Generated by org.testng.reporters.JUnitReportReporter -->
<testsuite hostname="DESKTOP-B5HII1M" failures="0" tests="1" name="Sample.Demo_LoginBookingAccountDepositMoney" time="39.000" errors="0" timestamp="2023-10-06T14:08:32 IST" skipped="0">
  <testcase classname="Sample.Demo_LoginBookingAccountDepositMoney" name="addingAmountToWallet" time="39.000"/>
  <system-out/>
</testsuite> <!-- Sample.Demo_LoginBookingAccountDepositMoney -->
