<?xml version="1.0" encoding="UTF-8"?>
<!-- Generated by org.testng.reporters.JUnitReportReporter -->
<testsuite hostname="DESKTOP-B5HII1M" failures="0" tests="1" name="Sprint_1_Money_Deposit_FinalDataProvider.DepositAmountStgAppl" time="38.889" errors="0" timestamp="2023-10-17T09:47:22 IST" skipped="0">
  <testcase classname="Sprint_1_Money_Deposit_FinalDataProvider.DepositAmountStgAppl" name="deposit" time="38.889"/>
  <system-out/>
</testsuite> <!-- Sprint_1_Money_Deposit_FinalDataProvider.DepositAmountStgAppl -->
